2024-11-04 08:47 - INFO - /Backend/Backend_App/admin.py changed, reloading.
2024-11-04 10:19 - WARNING - Not Found: /favicon.ico
2024-11-04 10:36 - WARNING - Not Found: /
2024-11-04 13:15 - INFO - /Backend/Backend/settings.py changed, reloading.
2024-11-04 13:15 - INFO - /Backend/Backend/settings.py changed, reloading.
2024-11-04 13:15 - INFO - /Backend/Backend/settings.py changed, reloading.
2024-11-04 13:15 - INFO - /Backend/Backend/settings.py changed, reloading.
2024-11-04 13:17 - INFO - /Backend/Backend/settings.py changed, reloading.
2024-11-04 13:17 - INFO - /Backend/Backend/settings.py changed, reloading.
2024-11-04 13:17 - INFO - /Backend/Backend/settings.py changed, reloading.
2024-11-04 13:17 - INFO - /Backend/Backend/settings.py changed, reloading.
2024-11-04 13:17 - INFO - /Backend/Backend/settings.py changed, reloading.
2024-11-04 13:17 - INFO - /Backend/Backend/settings.py changed, reloading.
2024-11-05 10:44 - INFO - /Backend/Backend_App/views.py changed, reloading.
2024-11-05 10:44 - INFO - /Backend/Backend_App/views.py changed, reloading.
2024-11-05 10:45 - INFO - /Backend/Backend_App/views.py changed, reloading.
2024-11-05 10:45 - INFO - /Backend/Backend_App/views.py changed, reloading.
2024-11-05 10:45 - INFO - /Backend/Backend_App/views.py changed, reloading.
2024-11-05 10:45 - INFO - /Backend/Backend_App/views.py changed, reloading.
2024-11-05 10:46 - INFO - /Backend/Backend_App/models.py changed, reloading.
2024-11-05 10:46 - INFO - /Backend/Backend_App/models.py changed, reloading.
2024-11-05 10:46 - INFO - /Backend/Backend_App/models.py changed, reloading.
2024-11-05 10:46 - INFO - /Backend/Backend_App/models.py changed, reloading.
2024-11-05 11:48 - ERROR - error occured: Exception at get_posts(): TypeError: Object of type memoryview is not JSON serializable on line 128
2024-11-05 11:48 - ERROR - Internal Server Error: /get_posts/default/
Traceback (most recent call last):
  File "/usr/local/lib/python3.11/site-packages/django/core/handlers/exception.py", line 55, in inner
    response = get_response(request)
               ^^^^^^^^^^^^^^^^^^^^^
  File "/usr/local/lib/python3.11/site-packages/django/core/handlers/base.py", line 220, in _get_response
    response = response.render()
               ^^^^^^^^^^^^^^^^^
  File "/usr/local/lib/python3.11/site-packages/django/template/response.py", line 114, in render
    self.content = self.rendered_content
                   ^^^^^^^^^^^^^^^^^^^^^
  File "/usr/local/lib/python3.11/site-packages/rest_framework/response.py", line 59, in rendered_content
    assert renderer, ".accepted_renderer not set on Response"
           ^^^^^^^^
AssertionError: .accepted_renderer not set on Response
2024-11-05 11:48 - ERROR - error occured: Exception at get_posts(): TypeError: Object of type memoryview is not JSON serializable on line 128
2024-11-05 11:48 - ERROR - Internal Server Error: /get_posts/default/
Traceback (most recent call last):
  File "/usr/local/lib/python3.11/site-packages/django/core/handlers/exception.py", line 55, in inner
    response = get_response(request)
               ^^^^^^^^^^^^^^^^^^^^^
  File "/usr/local/lib/python3.11/site-packages/django/core/handlers/base.py", line 220, in _get_response
    response = response.render()
               ^^^^^^^^^^^^^^^^^
  File "/usr/local/lib/python3.11/site-packages/django/template/response.py", line 114, in render
    self.content = self.rendered_content
                   ^^^^^^^^^^^^^^^^^^^^^
  File "/usr/local/lib/python3.11/site-packages/rest_framework/response.py", line 59, in rendered_content
    assert renderer, ".accepted_renderer not set on Response"
           ^^^^^^^^
AssertionError: .accepted_renderer not set on Response
2024-11-08 10:42 - ERROR - error occured: Exception at add_post(): IntegrityError: null value in column "Image" of relation "Backend_App_post" violates not-null constraint
DETAIL:  Failing row contains (37, sdaf, asdf, 1, 5, null).
 on line 187
2024-11-08 10:42 - ERROR - Internal Server Error: /add_post/
Traceback (most recent call last):
  File "/usr/local/lib/python3.11/site-packages/django/core/handlers/exception.py", line 55, in inner
    response = get_response(request)
               ^^^^^^^^^^^^^^^^^^^^^
  File "/usr/local/lib/python3.11/site-packages/django/core/handlers/base.py", line 220, in _get_response
    response = response.render()
               ^^^^^^^^^^^^^^^^^
  File "/usr/local/lib/python3.11/site-packages/django/template/response.py", line 114, in render
    self.content = self.rendered_content
                   ^^^^^^^^^^^^^^^^^^^^^
  File "/usr/local/lib/python3.11/site-packages/rest_framework/response.py", line 59, in rendered_content
    assert renderer, ".accepted_renderer not set on Response"
           ^^^^^^^^
AssertionError: .accepted_renderer not set on Response
2024-11-22 07:16 - WARNING - Not Found: /
2024-11-22 07:16 - WARNING - Not Found: /favicon.ico
2024-12-02 13:40 - WARNING - Not Found: /
2024-12-02 13:40 - WARNING - Not Found: /favicon.ico
2024-12-02 13:47 - WARNING - Not Found: /current_user_liked_cat_image/
2024-12-02 13:47 - WARNING - Not Found: /current_user_liked_cat_image/
2024-12-02 13:47 - WARNING - Not Found: /current_user_liked_cat_image/
2024-12-02 13:47 - WARNING - Not Found: /current_user_liked_cat_image/
2024-12-02 13:47 - WARNING - Not Found: /current_user_liked_cat_image/
2024-12-02 13:47 - WARNING - Not Found: /current_user_liked_cat_image/
2024-12-02 13:47 - WARNING - Not Found: /current_user_liked_cat_image/
2024-12-02 13:47 - WARNING - Not Found: /current_user_liked_cat_image/
2024-12-02 13:47 - WARNING - Not Found: /current_user_liked_cat_image/
2024-12-02 13:47 - WARNING - Not Found: /current_user_liked_cat_image/
2024-12-02 13:47 - WARNING - Not Found: /current_user_liked_cat_image/
2024-12-02 13:47 - WARNING - Not Found: /current_user_liked_cat_image/
2024-12-02 13:47 - WARNING - Not Found: /current_user_liked_cat_image/
2024-12-02 13:47 - WARNING - Not Found: /current_user_liked_cat_image/
2024-12-02 13:47 - WARNING - Not Found: /current_user_liked_cat_image/
2024-12-02 13:47 - WARNING - Not Found: /current_user_liked_cat_image/
2024-12-02 13:47 - WARNING - Not Found: /current_user_liked_cat_image/
2024-12-02 13:47 - WARNING - Not Found: /current_user_liked_cat_image/
2024-12-02 13:47 - WARNING - Not Found: /current_user_liked_cat_image/
2024-12-02 13:47 - WARNING - Not Found: /current_user_liked_cat_image/
2024-12-02 13:47 - WARNING - Not Found: /current_user_liked_cat_image/
2024-12-02 13:47 - WARNING - Not Found: /current_user_liked_cat_image/
2024-12-02 13:47 - WARNING - Not Found: /current_user_liked_cat_image/
2024-12-02 13:48 - WARNING - Not Found: /current_user_liked_cat_image/
2024-12-02 13:48 - WARNING - Not Found: /current_user_liked_cat_image/
2024-12-02 13:48 - WARNING - Not Found: /current_user_liked_cat_image/
2024-12-02 13:48 - WARNING - Not Found: /current_user_liked_cat_image/
2024-12-02 13:48 - WARNING - Not Found: /current_user_liked_cat_image/
2024-12-02 13:48 - WARNING - Not Found: /current_user_liked_cat_image/
2024-12-02 13:48 - WARNING - Not Found: /current_user_liked_cat_image/
2024-12-02 13:48 - WARNING - Not Found: /current_user_liked_cat_image/
2024-12-02 13:48 - WARNING - Not Found: /current_user_liked_cat_image/
2024-12-02 13:48 - WARNING - Not Found: /current_user_liked_cat_image/
2024-12-02 13:48 - WARNING - Not Found: /current_user_liked_cat_image/
2024-12-02 13:48 - WARNING - Not Found: /current_user_liked_cat_image/
2024-12-02 13:48 - WARNING - Not Found: /current_user_liked_cat_image/
2024-12-02 13:48 - WARNING - Not Found: /current_user_liked_cat_image/
2024-12-02 13:48 - WARNING - Not Found: /current_user_liked_cat_image/
2024-12-02 13:48 - WARNING - Not Found: /current_user_liked_cat_image/
2024-12-02 13:48 - WARNING - Not Found: /current_user_liked_cat_image/
2024-12-02 13:48 - WARNING - Not Found: /current_user_liked_cat_image/
2024-12-02 13:48 - WARNING - Not Found: /current_user_liked_cat_image/
2024-12-02 13:48 - WARNING - Not Found: /current_user_liked_cat_image/
2024-12-02 13:48 - WARNING - Not Found: /current_user_liked_cat_image/
2024-12-02 13:48 - WARNING - Not Found: /current_user_liked_cat_image/
2024-12-02 13:48 - WARNING - Not Found: /current_user_liked_cat_image/
2024-12-02 13:48 - WARNING - Not Found: /current_user_liked_cat_image/
2024-12-02 13:48 - WARNING - Not Found: /current_user_liked_cat_image/
2024-12-02 13:48 - WARNING - Not Found: /current_user_liked_cat_image/
2024-12-02 13:48 - WARNING - Not Found: /current_user_liked_cat_image/
2024-12-02 13:48 - WARNING - Not Found: /current_user_liked_cat_image/
2024-12-02 13:48 - WARNING - Not Found: /current_user_liked_cat_image/
2024-12-02 13:48 - WARNING - Not Found: /current_user_liked_cat_image/
2024-12-02 13:48 - WARNING - Not Found: /current_user_liked_cat_image/
2024-12-02 13:48 - WARNING - Not Found: /current_user_liked_cat_image/
2024-12-02 13:48 - WARNING - Not Found: /current_user_liked_cat_image/
2024-12-02 13:48 - WARNING - Not Found: /current_user_liked_cat_image/
2024-12-02 13:48 - WARNING - Not Found: /current_user_liked_cat_image/
2024-12-02 13:48 - WARNING - Not Found: /current_user_liked_cat_image/
2024-12-02 13:48 - WARNING - Not Found: /current_user_liked_cat_image/
2024-12-02 13:49 - WARNING - Not Found: /current_user_liked_cat_image/
2024-12-02 13:49 - WARNING - Not Found: /current_user_liked_cat_image/
2024-12-02 13:49 - WARNING - Not Found: /current_user_liked_cat_image/
2024-12-02 13:49 - WARNING - Not Found: /current_user_liked_cat_image/
2024-12-02 13:49 - WARNING - Not Found: /current_user_liked_cat_image/
2024-12-02 13:49 - WARNING - Not Found: /current_user_liked_cat_image/
2024-12-02 13:49 - WARNING - Not Found: /current_user_liked_cat_image/
2024-12-02 13:49 - WARNING - Not Found: /current_user_liked_cat_image/
2024-12-02 13:49 - WARNING - Not Found: /current_user_liked_cat_image/
2024-12-02 13:49 - WARNING - Not Found: /current_user_liked_cat_image/
2024-12-02 13:49 - WARNING - Not Found: /current_user_liked_cat_image/
2024-12-02 13:49 - WARNING - Not Found: /current_user_liked_cat_image/
2024-12-02 13:49 - WARNING - Not Found: /current_user_liked_cat_image/
2024-12-02 13:49 - WARNING - Not Found: /current_user_liked_cat_image/
2024-12-02 13:49 - WARNING - Not Found: /current_user_liked_cat_image/
2024-12-02 13:49 - WARNING - Not Found: /current_user_liked_cat_image/
2024-12-02 13:49 - WARNING - Not Found: /current_user_liked_cat_image/
2024-12-02 13:49 - WARNING - Not Found: /current_user_liked_cat_image/
2024-12-02 13:49 - WARNING - Not Found: /current_user_liked_cat_image/
2024-12-02 13:49 - WARNING - Not Found: /current_user_liked_cat_image/
2024-12-02 13:49 - WARNING - Not Found: /current_user_liked_cat_image/
2024-12-02 13:49 - WARNING - Not Found: /current_user_liked_cat_image/
2024-12-02 13:49 - WARNING - Not Found: /current_user_liked_cat_image/
2024-12-02 13:49 - WARNING - Not Found: /current_user_liked_cat_image/
2024-12-02 13:49 - WARNING - Not Found: /current_user_liked_cat_image/
2024-12-02 13:49 - WARNING - Not Found: /current_user_liked_cat_image/
2024-12-02 13:49 - WARNING - Not Found: /current_user_liked_cat_image/
2024-12-02 13:49 - WARNING - Not Found: /current_user_liked_cat_image/
2024-12-02 13:49 - WARNING - Not Found: /current_user_liked_cat_image/
2024-12-02 13:49 - WARNING - Not Found: /current_user_liked_cat_image/
2024-12-02 13:49 - WARNING - Not Found: /current_user_liked_cat_image/
2024-12-02 13:49 - WARNING - Not Found: /current_user_liked_cat_image/
2024-12-02 13:49 - WARNING - Not Found: /current_user_liked_cat_image/
2024-12-02 13:55 - INFO - /Backend/Backend_App/views.py changed, reloading.
2024-12-02 13:55 - INFO - /Backend/Backend_App/views.py changed, reloading.
2024-12-02 13:56 - INFO - /Backend/Backend_App/views.py changed, reloading.
2024-12-02 13:56 - INFO - /Backend/Backend_App/views.py changed, reloading.
2024-12-02 13:57 - WARNING - Not Found: /current_user_liked_cat_image/
2024-12-02 13:57 - WARNING - Not Found: /current_user_liked_cat_image/
2024-12-02 13:57 - WARNING - Not Found: /current_user_liked_cat_image/
2024-12-02 13:57 - WARNING - Not Found: /current_user_liked_cat_image/
2024-12-02 13:57 - WARNING - Not Found: /current_user_liked_cat_image/
2024-12-02 13:57 - WARNING - Not Found: /current_user_liked_cat_image/
2024-12-02 13:57 - WARNING - Not Found: /current_user_liked_cat_image/
2024-12-02 13:57 - WARNING - Not Found: /current_user_liked_cat_image/
2024-12-02 13:57 - WARNING - Not Found: /current_user_liked_cat_image/
2024-12-02 13:57 - WARNING - Not Found: /current_user_liked_cat_image/
2024-12-02 13:57 - WARNING - Not Found: /current_user_liked_cat_image/
2024-12-02 13:57 - WARNING - Not Found: /current_user_liked_cat_image/
2024-12-02 13:57 - WARNING - Not Found: /current_user_liked_cat_image/
2024-12-02 13:57 - WARNING - Not Found: /current_user_liked_cat_image/
2024-12-02 13:57 - WARNING - Not Found: /current_user_liked_cat_image/
2024-12-02 13:57 - WARNING - Not Found: /current_user_liked_cat_image/
2024-12-02 13:57 - WARNING - Not Found: /current_user_liked_cat_image/
2024-12-02 13:57 - WARNING - Not Found: /current_user_liked_cat_image/
2024-12-02 13:57 - WARNING - Forbidden (CSRF cookie not set.): /current_user_liked_cat_image/
2024-12-02 13:58 - WARNING - Not Found: /current_user_liked_cat_image/
2024-12-02 13:58 - WARNING - Not Found: /current_user_liked_cat_image/
2024-12-02 13:58 - WARNING - Not Found: /current_user_liked_cat_image/
2024-12-02 13:58 - WARNING - Not Found: /current_user_liked_cat_image/
2024-12-02 13:58 - WARNING - Not Found: /current_user_liked_cat_image/
2024-12-02 13:58 - WARNING - Not Found: /current_user_liked_cat_image/
2024-12-02 13:58 - WARNING - Not Found: /current_user_liked_cat_image/
2024-12-02 13:58 - WARNING - Not Found: /current_user_liked_cat_image/
2024-12-02 13:58 - WARNING - Not Found: /current_user_liked_cat_image/
2024-12-02 13:58 - WARNING - Not Found: /current_user_liked_cat_image/
2024-12-02 13:58 - WARNING - Not Found: /current_user_liked_cat_image/
2024-12-02 13:58 - WARNING - Not Found: /current_user_liked_cat_image/
2024-12-02 13:58 - WARNING - Not Found: /current_user_liked_cat_image/
2024-12-02 13:58 - WARNING - Not Found: /current_user_liked_cat_image/
2024-12-02 13:58 - WARNING - Not Found: /current_user_liked_cat_image/
2024-12-02 13:58 - WARNING - Not Found: /current_user_liked_cat_image/
2024-12-02 13:58 - WARNING - Not Found: /current_user_liked_cat_image/
2024-12-02 13:58 - WARNING - Not Found: /current_user_liked_cat_image/
2024-12-02 13:58 - WARNING - Not Found: /current_user_liked_cat_image/
2024-12-02 13:58 - WARNING - Not Found: /current_user_liked_cat_image/
2024-12-02 13:58 - WARNING - Not Found: /current_user_liked_cat_image/
2024-12-02 13:58 - WARNING - Not Found: /current_user_liked_cat_image/
2024-12-02 13:58 - WARNING - Not Found: /current_user_liked_cat_image/
2024-12-02 13:58 - WARNING - Not Found: /current_user_liked_cat_image/
2024-12-02 13:58 - WARNING - Not Found: /current_user_liked_cat_image/
2024-12-02 13:58 - WARNING - Not Found: /current_user_liked_cat_image/
2024-12-02 13:58 - WARNING - Not Found: /current_user_liked_cat_image/
2024-12-02 13:58 - WARNING - Not Found: /current_user_liked_cat_image/
2024-12-02 13:58 - WARNING - Not Found: /current_user_liked_cat_image/
2024-12-02 13:58 - WARNING - Not Found: /current_user_liked_cat_image/
2024-12-02 13:58 - WARNING - Not Found: /current_user_liked_cat_image/
2024-12-02 13:58 - WARNING - Not Found: /current_user_liked_cat_image/
2024-12-02 13:58 - WARNING - Not Found: /current_user_liked_cat_image/
2024-12-02 13:58 - WARNING - Not Found: /current_user_liked_cat_image/
2024-12-02 13:58 - WARNING - Not Found: /current_user_liked_cat_image/
2024-12-02 13:58 - WARNING - Not Found: /current_user_liked_cat_image/
2024-12-02 13:58 - WARNING - Not Found: /current_user_liked_cat_image/
2024-12-02 13:58 - WARNING - Not Found: /current_user_liked_cat_image/
2024-12-02 13:58 - WARNING - Not Found: /current_user_liked_cat_image/
2024-12-02 13:58 - WARNING - Not Found: /current_user_liked_cat_image/
2024-12-02 13:58 - WARNING - Not Found: /current_user_liked_cat_image/
2024-12-02 13:58 - WARNING - Not Found: /current_user_liked_cat_image/
2024-12-02 13:58 - WARNING - Not Found: /current_user_liked_cat_image/
2024-12-02 13:58 - WARNING - Not Found: /current_user_liked_cat_image/
2024-12-02 13:58 - WARNING - Not Found: /current_user_liked_cat_image/
2024-12-02 13:58 - WARNING - Not Found: /current_user_liked_cat_image/
2024-12-02 13:58 - WARNING - Not Found: /current_user_liked_cat_image/
2024-12-02 13:58 - WARNING - Not Found: /current_user_liked_cat_image/
2024-12-02 13:58 - WARNING - Not Found: /current_user_liked_cat_image/
2024-12-02 13:58 - WARNING - Not Found: /current_user_liked_cat_image/
2024-12-02 13:58 - WARNING - Not Found: /current_user_liked_cat_image/
2024-12-02 13:58 - WARNING - Not Found: /current_user_liked_cat_image/
2024-12-02 13:58 - WARNING - Not Found: /current_user_liked_cat_image/
2024-12-02 13:58 - WARNING - Not Found: /current_user_liked_cat_image/
2024-12-02 13:58 - WARNING - Not Found: /current_user_liked_cat_image/
2024-12-02 13:58 - WARNING - Not Found: /current_user_liked_cat_image/
2024-12-02 13:59 - WARNING - Not Found: /current_user_liked_cat_image/
2024-12-02 13:59 - WARNING - Not Found: /current_user_liked_cat_image/
2024-12-02 13:59 - WARNING - Not Found: /current_user_liked_cat_image/
2024-12-02 13:59 - WARNING - Not Found: /current_user_liked_cat_image/
2024-12-02 13:59 - WARNING - Not Found: /current_user_liked_cat_image/
2024-12-02 13:59 - WARNING - Not Found: /current_user_liked_cat_image/
2024-12-02 13:59 - WARNING - Not Found: /current_user_liked_cat_image/
2024-12-02 13:59 - WARNING - Not Found: /current_user_liked_cat_image/
2024-12-02 13:59 - WARNING - Not Found: /current_user_liked_cat_image/
2024-12-02 13:59 - WARNING - Not Found: /current_user_liked_cat_image/
2024-12-02 13:59 - WARNING - Not Found: /current_user_liked_cat_image/
2024-12-02 13:59 - WARNING - Not Found: /current_user_liked_cat_image/
2024-12-02 13:59 - WARNING - Not Found: /current_user_liked_cat_image/
2024-12-02 13:59 - WARNING - Not Found: /current_user_liked_cat_image/
2024-12-02 13:59 - WARNING - Not Found: /current_user_liked_cat_image/
2024-12-02 13:59 - WARNING - Not Found: /current_user_liked_cat_image/
2024-12-02 13:59 - WARNING - Not Found: /current_user_liked_cat_image/
2024-12-02 13:59 - WARNING - Not Found: /current_user_liked_cat_image/
2024-12-02 13:59 - WARNING - Not Found: /current_user_liked_cat_image/
2024-12-02 13:59 - WARNING - Not Found: /current_user_liked_cat_image/
2024-12-02 13:59 - WARNING - Not Found: /current_user_liked_cat_image/
2024-12-02 13:59 - WARNING - Not Found: /current_user_liked_cat_image/
2024-12-02 13:59 - WARNING - Not Found: /current_user_liked_cat_image/
2024-12-02 13:59 - WARNING - Not Found: /current_user_liked_cat_image/
2024-12-02 13:59 - WARNING - Not Found: /current_user_liked_cat_image/
2024-12-02 13:59 - WARNING - Not Found: /current_user_liked_cat_image/
2024-12-02 13:59 - WARNING - Not Found: /current_user_liked_cat_image/
2024-12-02 13:59 - WARNING - Not Found: /current_user_liked_cat_image/
2024-12-02 13:59 - WARNING - Not Found: /current_user_liked_cat_image/
2024-12-02 13:59 - WARNING - Not Found: /current_user_liked_cat_image/
2024-12-02 13:59 - WARNING - Not Found: /current_user_liked_cat_image/
2024-12-02 13:59 - WARNING - Not Found: /current_user_liked_cat_image/
2024-12-02 13:59 - WARNING - Not Found: /current_user_liked_cat_image/
2024-12-02 13:59 - WARNING - Not Found: /current_user_liked_cat_image/
2024-12-02 13:59 - WARNING - Not Found: /current_user_liked_cat_image/
2024-12-02 13:59 - WARNING - Not Found: /current_user_liked_cat_image/
2024-12-02 13:59 - WARNING - Not Found: /current_user_liked_cat_image/
2024-12-02 13:59 - WARNING - Not Found: /current_user_liked_cat_image/
2024-12-02 13:59 - WARNING - Not Found: /current_user_liked_cat_image/
2024-12-02 14:04 - WARNING - Not Found: /current_user_liked_cat_image/
2024-12-02 14:07 - WARNING - Not Found: /current_user_liked_cat_image/
2024-12-02 14:07 - WARNING - Not Found: /current_user_liked_cat_image/
2024-12-02 14:08 - WARNING - Not Found: /current_user_liked_cat_image/
2024-12-02 14:08 - WARNING - Not Found: /current_user_liked_cat_image/
2024-12-02 14:08 - WARNING - Not Found: /current_user_liked_cat_image/
2024-12-02 14:08 - WARNING - Not Found: /current_user_liked_cat_image/
2024-12-02 14:08 - WARNING - Not Found: /current_user_liked_cat_image/
2024-12-02 14:08 - WARNING - Not Found: /current_user_liked_cat_image/
2024-12-02 14:08 - WARNING - Not Found: /current_user_liked_cat_image/
2024-12-02 14:08 - ERROR - Internal Server Error: /get_random_image/
Traceback (most recent call last):
  File "/usr/local/lib/python3.11/site-packages/urllib3/connectionpool.py", line 789, in urlopen
    response = self._make_request(
               ^^^^^^^^^^^^^^^^^^^
  File "/usr/local/lib/python3.11/site-packages/urllib3/connectionpool.py", line 536, in _make_request
    response = conn.getresponse()
               ^^^^^^^^^^^^^^^^^^
  File "/usr/local/lib/python3.11/site-packages/urllib3/connection.py", line 507, in getresponse
    httplib_response = super().getresponse()
                       ^^^^^^^^^^^^^^^^^^^^^
  File "/usr/local/lib/python3.11/http/client.py", line 1395, in getresponse
    response.begin()
  File "/usr/local/lib/python3.11/http/client.py", line 325, in begin
    version, status, reason = self._read_status()
                              ^^^^^^^^^^^^^^^^^^^
  File "/usr/local/lib/python3.11/http/client.py", line 294, in _read_status
    raise RemoteDisconnected("Remote end closed connection without"
http.client.RemoteDisconnected: Remote end closed connection without response

During handling of the above exception, another exception occurred:

Traceback (most recent call last):
  File "/usr/local/lib/python3.11/site-packages/requests/adapters.py", line 667, in send
    resp = conn.urlopen(
           ^^^^^^^^^^^^^
  File "/usr/local/lib/python3.11/site-packages/urllib3/connectionpool.py", line 843, in urlopen
    retries = retries.increment(
              ^^^^^^^^^^^^^^^^^^
  File "/usr/local/lib/python3.11/site-packages/urllib3/util/retry.py", line 474, in increment
    raise reraise(type(error), error, _stacktrace)
          ^^^^^^^^^^^^^^^^^^^^^^^^^^^^^^^^^^^^^^^^
  File "/usr/local/lib/python3.11/site-packages/urllib3/util/util.py", line 38, in reraise
    raise value.with_traceback(tb)
  File "/usr/local/lib/python3.11/site-packages/urllib3/connectionpool.py", line 789, in urlopen
    response = self._make_request(
               ^^^^^^^^^^^^^^^^^^^
  File "/usr/local/lib/python3.11/site-packages/urllib3/connectionpool.py", line 536, in _make_request
    response = conn.getresponse()
               ^^^^^^^^^^^^^^^^^^
  File "/usr/local/lib/python3.11/site-packages/urllib3/connection.py", line 507, in getresponse
    httplib_response = super().getresponse()
                       ^^^^^^^^^^^^^^^^^^^^^
  File "/usr/local/lib/python3.11/http/client.py", line 1395, in getresponse
    response.begin()
  File "/usr/local/lib/python3.11/http/client.py", line 325, in begin
    version, status, reason = self._read_status()
                              ^^^^^^^^^^^^^^^^^^^
  File "/usr/local/lib/python3.11/http/client.py", line 294, in _read_status
    raise RemoteDisconnected("Remote end closed connection without"
urllib3.exceptions.ProtocolError: ('Connection aborted.', RemoteDisconnected('Remote end closed connection without response'))

During handling of the above exception, another exception occurred:

Traceback (most recent call last):
  File "/usr/local/lib/python3.11/site-packages/django/core/handlers/exception.py", line 55, in inner
    response = get_response(request)
               ^^^^^^^^^^^^^^^^^^^^^
  File "/usr/local/lib/python3.11/site-packages/django/core/handlers/base.py", line 197, in _get_response
    response = wrapped_callback(request, *callback_args, **callback_kwargs)
               ^^^^^^^^^^^^^^^^^^^^^^^^^^^^^^^^^^^^^^^^^^^^^^^^^^^^^^^^^^^^
  File "/Backend/Backend_App/views.py", line 645, in get_random_image
    response = requests.get('https://api.thecatapi.com/v1/images/search')
               ^^^^^^^^^^^^^^^^^^^^^^^^^^^^^^^^^^^^^^^^^^^^^^^^^^^^^^^^^^
  File "/usr/local/lib/python3.11/site-packages/requests/api.py", line 73, in get
    return request("get", url, params=params, **kwargs)
           ^^^^^^^^^^^^^^^^^^^^^^^^^^^^^^^^^^^^^^^^^^^^
  File "/usr/local/lib/python3.11/site-packages/requests/api.py", line 59, in request
    return session.request(method=method, url=url, **kwargs)
           ^^^^^^^^^^^^^^^^^^^^^^^^^^^^^^^^^^^^^^^^^^^^^^^^^
  File "/usr/local/lib/python3.11/site-packages/requests/sessions.py", line 589, in request
    resp = self.send(prep, **send_kwargs)
           ^^^^^^^^^^^^^^^^^^^^^^^^^^^^^^
  File "/usr/local/lib/python3.11/site-packages/requests/sessions.py", line 703, in send
    r = adapter.send(request, **kwargs)
        ^^^^^^^^^^^^^^^^^^^^^^^^^^^^^^^
  File "/usr/local/lib/python3.11/site-packages/requests/adapters.py", line 682, in send
    raise ConnectionError(err, request=request)
requests.exceptions.ConnectionError: ('Connection aborted.', RemoteDisconnected('Remote end closed connection without response'))
2024-12-02 14:08 - WARNING - Not Found: /current_user_liked_cat_image/
2024-12-02 14:08 - WARNING - Not Found: /current_user_liked_cat_image/
2024-12-02 14:08 - WARNING - Not Found: /current_user_liked_cat_image/
2024-12-02 14:08 - WARNING - Not Found: /current_user_liked_cat_image/
2024-12-02 14:08 - WARNING - Not Found: /current_user_liked_cat_image/
2024-12-02 14:08 - WARNING - Not Found: /current_user_liked_cat_image/
2024-12-02 14:08 - WARNING - Not Found: /current_user_liked_cat_image/
